<?xml version="1.0" encoding="UTF-8"?>
<!-- Generated by org.testng.reporters.JUnitXMLReporter -->
<testsuite hostname="DESKTOP-B6NQH76" name="Run on FirefoxHeadless" tests="4" failures="0" timestamp="18 Nov 2020 12:19:27 GMT" time="0.874" errors="0">
  <testcase name="@BeforeClass beforeClass" time="0.0" classname="com.nopcommerce.Desktop_01_Sort">
    <failure type="java.lang.NullPointerException">
      <![CDATA[java.lang.NullPointerException
	at org.openqa.selenium.firefox.FirefoxOptions.<init>(FirefoxOptions.java:108)
	at BrowserFactory.FireFoxHeadlessDriverManager.createBrowser(FireFoxHeadlessDriverManager.java:15)
	at BrowserFactory.DriverManager.getDriver(DriverManager.java:28)
	at com.nopcommerce.Desktop_01_Sort.beforeClass(Desktop_01_Sort.java:26)
	at java.util.concurrent.ThreadPoolExecutor.runWorker(ThreadPoolExecutor.java:1149)
	at java.util.concurrent.ThreadPoolExecutor$Worker.run(ThreadPoolExecutor.java:624)
	at java.lang.Thread.run(Thread.java:748)
... Removed 10 stack frames]]>
    </failure>
  </testcase> <!-- @BeforeClass beforeClass -->
  <testcase name="TC_01_Sort_Name" time="0.001" classname="com.nopcommerce.Desktop_01_Sort">
    <skipped/>
  </testcase> <!-- TC_01_Sort_Name -->
  <testcase name="TC_02_Sort_Price" time="0.003" classname="com.nopcommerce.Desktop_01_Sort">
    <skipped/>
  </testcase> <!-- TC_02_Sort_Price -->
  <testcase name="TC_03_Sort_Position" time="0.001" classname="com.nopcommerce.Desktop_01_Sort">
    <skipped/>
  </testcase> <!-- TC_03_Sort_Position -->
  <testcase name="TC_04_Sort_CreatedOn" time="0.001" classname="com.nopcommerce.Desktop_01_Sort">
    <skipped/>
  </testcase> <!-- TC_04_Sort_CreatedOn -->
</testsuite> <!-- Run on FirefoxHeadless -->
