<?xml version="1.0" encoding="UTF-8"?>
<testsuite xmlns:xsi="http://www.w3.org/2001/XMLSchema-instance" xsi:noNamespaceSchemaLocation="https://maven.apache.org/surefire/maven-surefire-plugin/xsd/surefire-test-report-3.0.xsd" version="3.0" name="TestSuite" time="80.445" tests="2" errors="0" skipped="0" failures="2">
  <properties>
[...]
</properties>
  <testcase name="TC_01_eBay_Search" classname="com.amazon.ebay.search.Search_01_Sort" time="34.61">
    <failure message="Unable to locate element: //h3[text()=&apos;Apple iPhone 11 Pro - 64GB - Midnight Green (Unlocked) A2160 (CDMA + GSM)&apos;]/parent::a&#10;For documentation on this error, please visit: https://www.seleniumhq.org/exceptions/no_such_element.html&#10;Build info: version: &apos;3.141.59&apos;, revision: &apos;e82be7d358&apos;, time: &apos;2018-11-14T08:17:03&apos;&#10;System info: host: &apos;DESKTOP-B6NQH76&apos;, ip: &apos;192.168.1.9&apos;, os.name: &apos;Windows 10&apos;, os.arch: &apos;amd64&apos;, os.version: &apos;10.0&apos;, java.version: &apos;1.8.0_161&apos;&#10;Driver info: org.openqa.selenium.firefox.FirefoxDriver&#10;Capabilities {acceptInsecureCerts: true, browserName: firefox, browserVersion: 56.0, javascriptEnabled: true, moz:accessibilityChecks: false, moz:headless: false, moz:processID: 13768, moz:profile: C:\Users\HAU\AppData\Local\..., pageLoadStrategy: normal, platform: XP, platformName: XP, platformVersion: 10.0, rotatable: false, specificationLevel: 0, timeouts: {implicit: 0, pageLoad: 300000, script: 30000}}&#10;Session ID: 859d9255-371d-4b5d-9a3a-82aa0f20b599&#10;*** Element info: {Using=xpath, value=//h3[text()=&apos;Apple iPhone 11 Pro - 64GB - Midnight Green (Unlocked) A2160 (CDMA + GSM)&apos;]/parent::a}" type="org.openqa.selenium.NoSuchElementException"><![CDATA[org.openqa.selenium.NoSuchElementException: 
Unable to locate element: //h3[text()='Apple iPhone 11 Pro - 64GB - Midnight Green (Unlocked) A2160 (CDMA + GSM)']/parent::a
For documentation on this error, please visit: https://www.seleniumhq.org/exceptions/no_such_element.html
Build info: version: '3.141.59', revision: 'e82be7d358', time: '2018-11-14T08:17:03'
System info: host: 'DESKTOP-B6NQH76', ip: '192.168.1.9', os.name: 'Windows 10', os.arch: 'amd64', os.version: '10.0', java.version: '1.8.0_161'
Driver info: org.openqa.selenium.firefox.FirefoxDriver
Capabilities {acceptInsecureCerts: true, browserName: firefox, browserVersion: 56.0, javascriptEnabled: true, moz:accessibilityChecks: false, moz:headless: false, moz:processID: 13768, moz:profile: C:\Users\HAU\AppData\Local\..., pageLoadStrategy: normal, platform: XP, platformName: XP, platformVersion: 10.0, rotatable: false, specificationLevel: 0, timeouts: {implicit: 0, pageLoad: 300000, script: 30000}}
Session ID: 859d9255-371d-4b5d-9a3a-82aa0f20b599
*** Element info: {Using=xpath, value=//h3[text()='Apple iPhone 11 Pro - 64GB - Midnight Green (Unlocked) A2160 (CDMA + GSM)']/parent::a}
	at com.amazon.ebay.search.Search_01_Sort.TC_01_eBay_Search(Search_01_Sort.java:46)
]]></failure>
    <system-out><![CDATA[[TestNGContentHandler] [WARN] It is strongly recommended to add "<!DOCTYPE suite SYSTEM "http://testng.org/testng-1.0.dtd" >" at the top of your file, otherwise TestNG may fail or not work as expected.
==================DỮ LIỆU TRÊN GIAO DIỆN EBAY ==========
==========name =========Apple iPhone 11 - 64GB - Black (Unlocked) A2111 (CDMA + GSM)
==========wholePrice =========10,162,790.70 VND
==========Price =========10162790.70 
==========Price Integer =========10162790
==========name =========Apple iPhone 11 64/128/256GB Black White GSM Unlocked A2223 Real Dual Sim
==========wholePrice =========17,441,627.91 VND
==========Price =========17441627.91 
==========Price Integer =========17441627
==========name =========Apple iPhone 11 - 128GB - Black (Unlocked) A2111 (CDMA + GSM)
==========wholePrice =========12,581,395.35 VND
==========Price =========12581395.35 
==========Price Integer =========12581395
==========name =========Apple iPhone 11 Pro - 64GB - Midnight Green (Unlocked) A2160 (CDMA + GSM)
]]></system-out>
    <system-err><![CDATA[SLF4J: Failed to load class "org.slf4j.impl.StaticLoggerBinder".
SLF4J: Defaulting to no-operation (NOP) logger implementation
SLF4J: See http://www.slf4j.org/codes.html#StaticLoggerBinder for further details.
1605742753768	geckodriver	INFO	geckodriver 0.20.0
1605742753777	geckodriver	INFO	Listening on 127.0.0.1:35023
1605742754511	mozrunner::runner	INFO	Running command: "C:\\Program Files\\Mozilla Firefox\\firefox.exe" "-marionette" "-profile" "C:\\Users\\HAU\\AppData\\Local\\Temp\\rust_mozprofile.wfAznU7MAvzv"
1605742754727	addons.xpi	WARN	Error parsing extensions state: [Exception... "Component returned failure code: 0x80520012 (NS_ERROR_FILE_NOT_FOUND) [amIAddonManagerStartup.readStartupData]"  nsresult: "0x80520012 (NS_ERROR_FILE_NOT_FOUND)"  location: "JS frame :: resource://gre/modules/addons/XPIProvider.jsm :: loadExtensionState :: line 1554"  data: no] Stack trace: loadExtensionState()@resource://gre/modules/addons/XPIProvider.jsm:1554 < getInstallState()@resource://gre/modules/addons/XPIProvider.jsm:1589 < checkForChanges()@resource://gre/modules/addons/XPIProvider.jsm:3109 < startup()@resource://gre/modules/addons/XPIProvider.jsm:2188 < callProvider()@resource://gre/modules/AddonManager.jsm:269 < _startProvider()@resource://gre/modules/AddonManager.jsm:739 < startup()@resource://gre/modules/AddonManager.jsm:906 < startup()@resource://gre/modules/AddonManager.jsm:3090 < observe()@jar:file:///C:/Program%20Files/Mozilla%20Firefox/omni.ja!/components/addonManager.js:65
1605742755184	Marionette	INFO	Enabled via --marionette
Unable to read VR Path Registry from C:\Users\HAU\AppData\Local\openvr\openvrpaths.vrpath
[Child 7152] WARNING: pipe error: 109: file z:/build/build/src/ipc/chromium/src/chrome/common/ipc_channel_win.cc, line 346
[Child 7152] WARNING: pipe error: 109: file z:/build/build/src/ipc/chromium/src/chrome/common/ipc_channel_win.cc, line 346
1605742756574	Marionette	INFO	Listening on port 64921
1605742757633	Marionette	WARN	TLS certificate errors will be ignored for this session
1605742757675	Marionette	DEBUG	Register listener.js for window 6442450945
Nov 19, 2020 6:39:17 AM org.openqa.selenium.remote.ProtocolHandshake createSession
INFO: Detected dialect: W3C
1605742757792	Marionette	DEBUG	Received DOM event "beforeunload" for "about:blank"
1605742758102	Marionette	DEBUG	Received DOM event "pagehide" for "about:blank"
1605742758103	Marionette	DEBUG	Received DOM event "unload" for "about:blank"
1605742759440	Marionette	DEBUG	Received DOM event "DOMContentLoaded" for "https://www.ebay.com/"
Unable to read VR Path Registry from C:\Users\HAU\AppData\Local\openvr\openvrpaths.vrpath
JavaScript error: https://ir.ebaystatic.com/rs/c/inception-woBPmH9j.js, line 28: ReferenceError: PerformanceObserver is not defined
1605742759683	Marionette	DEBUG	Received DOM event "pageshow" for "https://www.ebay.com/"
JavaScript error: https://ir.ebaystatic.com/rs/c/desk1021_3.js, line 78: TypeError: a is undefined
1605742760207	Marionette	DEBUG	Received DOM event "beforeunload" for "https://www.ebay.com/"
JavaScript error: , line 0: uncaught exception: Network Error
1605742760554	Marionette	DEBUG	Received DOM event "pagehide" for "https://www.ebay.com/"
1605742760556	Marionette	DEBUG	Received DOM event "unload" for "https://www.ebay.com/"
1605742763264	Marionette	DEBUG	Received DOM event "DOMContentLoaded" for "https://www.ebay.com/sch/i.html?_from=R40&_trksid=p2380057.m570.l1313&_nkw=iPhone+11&_sacat=0"
JavaScript error: https://ir.ebaystatic.com/rs/c/inception-kJ4hkiaT.js, line 34: ReferenceError: PerformanceObserver is not defined
1605742763514	Marionette	DEBUG	Received DOM event "pageshow" for "https://www.ebay.com/sch/i.html?_from=R40&_trksid=p2380057.m570.l1313&_nkw=iPhone+11&_sacat=0"
]]></system-err>
  </testcase>
  <testcase name="TC_02_Amazon_Search" classname="com.amazon.ebay.search.Search_01_Sort" time="36.683">
    <failure message="Unable to locate element: //span[contains(text(),&apos;OnePlus 8 Pro Onyx Black, 5G Unlocked Android Smartphone U.S Version, 12GB RAM+256GB Storage, 120Hz Fluid Display,Quad Camera, Wireless Charge, with Alexa Built-in&apos;)]/parent::a&#10;For documentation on this error, please visit: https://www.seleniumhq.org/exceptions/no_such_element.html&#10;Build info: version: &apos;3.141.59&apos;, revision: &apos;e82be7d358&apos;, time: &apos;2018-11-14T08:17:03&apos;&#10;System info: host: &apos;DESKTOP-B6NQH76&apos;, ip: &apos;192.168.1.9&apos;, os.name: &apos;Windows 10&apos;, os.arch: &apos;amd64&apos;, os.version: &apos;10.0&apos;, java.version: &apos;1.8.0_161&apos;&#10;Driver info: org.openqa.selenium.firefox.FirefoxDriver&#10;Capabilities {acceptInsecureCerts: true, browserName: firefox, browserVersion: 56.0, javascriptEnabled: true, moz:accessibilityChecks: false, moz:headless: false, moz:processID: 13768, moz:profile: C:\Users\HAU\AppData\Local\..., pageLoadStrategy: normal, platform: XP, platformName: XP, platformVersion: 10.0, rotatable: false, specificationLevel: 0, timeouts: {implicit: 0, pageLoad: 300000, script: 30000}}&#10;Session ID: 859d9255-371d-4b5d-9a3a-82aa0f20b599&#10;*** Element info: {Using=xpath, value=//span[contains(text(),&apos;OnePlus 8 Pro Onyx Black, 5G Unlocked Android Smartphone U.S Version, 12GB RAM+256GB Storage, 120Hz Fluid Display,Quad Camera, Wireless Charge, with Alexa Built-in&apos;)]/parent::a}" type="org.openqa.selenium.NoSuchElementException"><![CDATA[org.openqa.selenium.NoSuchElementException: 
Unable to locate element: //span[contains(text(),'OnePlus 8 Pro Onyx Black, 5G Unlocked Android Smartphone U.S Version, 12GB RAM+256GB Storage, 120Hz Fluid Display,Quad Camera, Wireless Charge, with Alexa Built-in')]/parent::a
For documentation on this error, please visit: https://www.seleniumhq.org/exceptions/no_such_element.html
Build info: version: '3.141.59', revision: 'e82be7d358', time: '2018-11-14T08:17:03'
System info: host: 'DESKTOP-B6NQH76', ip: '192.168.1.9', os.name: 'Windows 10', os.arch: 'amd64', os.version: '10.0', java.version: '1.8.0_161'
Driver info: org.openqa.selenium.firefox.FirefoxDriver
Capabilities {acceptInsecureCerts: true, browserName: firefox, browserVersion: 56.0, javascriptEnabled: true, moz:accessibilityChecks: false, moz:headless: false, moz:processID: 13768, moz:profile: C:\Users\HAU\AppData\Local\..., pageLoadStrategy: normal, platform: XP, platformName: XP, platformVersion: 10.0, rotatable: false, specificationLevel: 0, timeouts: {implicit: 0, pageLoad: 300000, script: 30000}}
Session ID: 859d9255-371d-4b5d-9a3a-82aa0f20b599
*** Element info: {Using=xpath, value=//span[contains(text(),'OnePlus 8 Pro Onyx Black, 5G Unlocked Android Smartphone U.S Version, 12GB RAM+256GB Storage, 120Hz Fluid Display,Quad Camera, Wireless Charge, with Alexa Built-in')]/parent::a}
	at com.amazon.ebay.search.Search_01_Sort.TC_02_Amazon_Search(Search_01_Sort.java:57)
]]></failure>
    <system-out><![CDATA[================== DỮ LIỆU TRÊN GIAO DIỆN AMAZON ==========
==========name =========OnePlus 8 Pro Onyx Black, 5G Unlocked Android Smartphone U.S Version, 12GB RAM+256GB Storage, 120Hz Fluid Display,Quad Camera, Wireless Charge, with Alexa Built-in
]]></system-out>
    <system-err><![CDATA[1605742794345	Marionette	DEBUG	Received DOM event "beforeunload" for "https://www.ebay.com/sch/i.html?_from=R40&_trksid=p2380057.m570.l1313&_nkw=iPhone+11&_sacat=0"
1605742794365	Marionette	DEBUG	Received observer notification "outer-window-destroyed" for "6442450982"
1605742794366	Marionette	DEBUG	Received observer notification "outer-window-destroyed" for "6442450976"
1605742794367	Marionette	DEBUG	Received observer notification "outer-window-destroyed" for "6442450952"
1605742794368	Marionette	DEBUG	Received observer notification "outer-window-destroyed" for "6442450958"
1605742794369	Marionette	DEBUG	Received observer notification "outer-window-destroyed" for "6442450969"
1605742794369	Marionette	DEBUG	Received observer notification "outer-window-destroyed" for "6442450962"
1605742794370	Marionette	DEBUG	Received observer notification "outer-window-destroyed" for "6442450960"
1605742794371	Marionette	DEBUG	Received observer notification "outer-window-destroyed" for "6442450950"
1605742794372	Marionette	DEBUG	Received observer notification "outer-window-destroyed" for "6442450967"
1605742794373	Marionette	DEBUG	Received observer notification "outer-window-destroyed" for "6442450956"
1605742794391	Marionette	DEBUG	Received observer notification "outer-window-destroyed" for "6442450971"
1605742794873	Marionette	DEBUG	Received DOM event "pagehide" for "https://www.ebay.com/sch/i.html?_from=R40&_trksid=p2380057.m570.l1313&_nkw=iPhone+11&_sacat=0"
1605742794886	Marionette	DEBUG	Received DOM event "unload" for "https://www.ebay.com/sch/i.html?_from=R40&_trksid=p2380057.m570.l1313&_nkw=iPhone+11&_sacat=0"
1605742795365	Marionette	DEBUG	Received observer notification "outer-window-destroyed" for "6442450987"
1605742795365	Marionette	DEBUG	Received observer notification "outer-window-destroyed" for "6442450954"
1605742796223	Marionette	DEBUG	Received DOM event "DOMContentLoaded" for "https://www.amazon.com/"
1605742797424	Marionette	DEBUG	Received DOM event "pageshow" for "https://www.amazon.com/"
1605742798050	Marionette	DEBUG	Received DOM event "beforeunload" for "https://www.amazon.com/"
1605742798439	Marionette	DEBUG	Received DOM event "pagehide" for "https://www.amazon.com/"
1605742798482	Marionette	DEBUG	Received DOM event "unload" for "https://www.amazon.com/"
1605742798769	Marionette	DEBUG	Received observer notification "outer-window-destroyed" for "6442450991"
1605742798769	Marionette	DEBUG	Received observer notification "outer-window-destroyed" for "6442450993"
1605742799873	Marionette	DEBUG	Received DOM event "DOMContentLoaded" for "https://www.amazon.com/s?k=iPhone+11&ref=nb_sb_noss"
1605742800707	Marionette	DEBUG	Received DOM event "pageshow" for "https://www.amazon.com/s?k=iPhone+11&ref=nb_sb_noss"
]]></system-err>
  </testcase>
</testsuite>